29-Mar-2021 10:31:28.126 INFO [main] org.apache.catalina.startup.VersionLoggerListener.log Server version name:   Apache Tomcat/9.0.26
29-Mar-2021 10:31:28.135 INFO [main] org.apache.catalina.startup.VersionLoggerListener.log Server built:          Sep 16 2019 15:51:39 UTC
29-Mar-2021 10:31:28.136 INFO [main] org.apache.catalina.startup.VersionLoggerListener.log Server version number: 9.0.26.0
29-Mar-2021 10:31:28.136 INFO [main] org.apache.catalina.startup.VersionLoggerListener.log OS Name:               Mac OS X
29-Mar-2021 10:31:28.136 INFO [main] org.apache.catalina.startup.VersionLoggerListener.log OS Version:            10.15.7
29-Mar-2021 10:31:28.136 INFO [main] org.apache.catalina.startup.VersionLoggerListener.log Architecture:          x86_64
29-Mar-2021 10:31:28.136 INFO [main] org.apache.catalina.startup.VersionLoggerListener.log Java Home:             /Library/Java/JavaVirtualMachines/openjdk-14.jdk/Contents/Home
29-Mar-2021 10:31:28.137 INFO [main] org.apache.catalina.startup.VersionLoggerListener.log JVM Version:           14+36-1461
29-Mar-2021 10:31:28.138 INFO [main] org.apache.catalina.startup.VersionLoggerListener.log JVM Vendor:            Oracle Corporation
29-Mar-2021 10:31:28.138 INFO [main] org.apache.catalina.startup.VersionLoggerListener.log CATALINA_BASE:         /Users/katarina_glorija/Documents/Fakultet/apache-tomcat-9.0.26
29-Mar-2021 10:31:28.138 INFO [main] org.apache.catalina.startup.VersionLoggerListener.log CATALINA_HOME:         /Users/katarina_glorija/Documents/Fakultet/apache-tomcat-9.0.26
29-Mar-2021 10:31:28.299 INFO [main] org.apache.catalina.startup.VersionLoggerListener.log Command line argument: --add-opens=java.base/java.lang=ALL-UNNAMED
29-Mar-2021 10:31:28.300 INFO [main] org.apache.catalina.startup.VersionLoggerListener.log Command line argument: --add-opens=java.base/java.io=ALL-UNNAMED
29-Mar-2021 10:31:28.300 INFO [main] org.apache.catalina.startup.VersionLoggerListener.log Command line argument: --add-opens=java.rmi/sun.rmi.transport=ALL-UNNAMED
29-Mar-2021 10:31:28.300 INFO [main] org.apache.catalina.startup.VersionLoggerListener.log Command line argument: -Djava.util.logging.config.file=/Users/katarina_glorija/Documents/Fakultet/apache-tomcat-9.0.26/conf/logging.properties
29-Mar-2021 10:31:28.300 INFO [main] org.apache.catalina.startup.VersionLoggerListener.log Command line argument: -Djava.util.logging.manager=org.apache.juli.ClassLoaderLogManager
29-Mar-2021 10:31:28.301 INFO [main] org.apache.catalina.startup.VersionLoggerListener.log Command line argument: -Djdk.tls.ephemeralDHKeySize=2048
29-Mar-2021 10:31:28.301 INFO [main] org.apache.catalina.startup.VersionLoggerListener.log Command line argument: -Djava.protocol.handler.pkgs=org.apache.catalina.webresources
29-Mar-2021 10:31:28.301 INFO [main] org.apache.catalina.startup.VersionLoggerListener.log Command line argument: -Dorg.apache.catalina.security.SecurityListener.UMASK=0027
29-Mar-2021 10:31:28.301 INFO [main] org.apache.catalina.startup.VersionLoggerListener.log Command line argument: -Dignore.endorsed.dirs=
29-Mar-2021 10:31:28.301 INFO [main] org.apache.catalina.startup.VersionLoggerListener.log Command line argument: -Dcatalina.base=/Users/katarina_glorija/Documents/Fakultet/apache-tomcat-9.0.26
29-Mar-2021 10:31:28.301 INFO [main] org.apache.catalina.startup.VersionLoggerListener.log Command line argument: -Dcatalina.home=/Users/katarina_glorija/Documents/Fakultet/apache-tomcat-9.0.26
29-Mar-2021 10:31:28.302 INFO [main] org.apache.catalina.startup.VersionLoggerListener.log Command line argument: -Djava.io.tmpdir=/Users/katarina_glorija/Documents/Fakultet/apache-tomcat-9.0.26/temp
29-Mar-2021 10:31:28.302 INFO [main] org.apache.catalina.core.AprLifecycleListener.lifecycleEvent The APR based Apache Tomcat Native library which allows optimal performance in production environments was not found on the java.library.path: [/Users/katarina_glorija/Library/Java/Extensions:/Library/Java/Extensions:/Network/Library/Java/Extensions:/System/Library/Java/Extensions:/usr/lib/java:.]
29-Mar-2021 10:31:28.952 INFO [main] org.apache.coyote.AbstractProtocol.init Initializing ProtocolHandler ["http-nio-8080"]
29-Mar-2021 10:31:29.071 INFO [main] org.apache.coyote.AbstractProtocol.init Initializing ProtocolHandler ["ajp-nio-8009"]
29-Mar-2021 10:31:29.076 INFO [main] org.apache.catalina.startup.Catalina.load Server initialization in [1,893] milliseconds
29-Mar-2021 10:31:29.195 INFO [main] org.apache.catalina.core.StandardService.startInternal Starting service [Catalina]
29-Mar-2021 10:31:29.195 INFO [main] org.apache.catalina.core.StandardEngine.startInternal Starting Servlet engine: [Apache Tomcat/9.0.26]
29-Mar-2021 10:31:29.224 INFO [main] org.apache.catalina.startup.HostConfig.deployDirectory Deploying web application directory [/Users/katarina_glorija/Documents/Fakultet/apache-tomcat-9.0.26/webapps/docs]
29-Mar-2021 10:31:29.972 INFO [main] org.apache.catalina.startup.HostConfig.deployDirectory Deployment of web application directory [/Users/katarina_glorija/Documents/Fakultet/apache-tomcat-9.0.26/webapps/docs] has finished in [748] ms
29-Mar-2021 10:31:29.975 INFO [main] org.apache.catalina.startup.HostConfig.deployDirectory Deploying web application directory [/Users/katarina_glorija/Documents/Fakultet/apache-tomcat-9.0.26/webapps/manager]
29-Mar-2021 10:31:30.054 INFO [main] org.apache.catalina.startup.HostConfig.deployDirectory Deployment of web application directory [/Users/katarina_glorija/Documents/Fakultet/apache-tomcat-9.0.26/webapps/manager] has finished in [79] ms
29-Mar-2021 10:31:30.057 INFO [main] org.apache.catalina.startup.HostConfig.deployDirectory Deploying web application directory [/Users/katarina_glorija/Documents/Fakultet/apache-tomcat-9.0.26/webapps/examples]
29-Mar-2021 10:31:30.729 INFO [main] org.apache.catalina.startup.HostConfig.deployDirectory Deployment of web application directory [/Users/katarina_glorija/Documents/Fakultet/apache-tomcat-9.0.26/webapps/examples] has finished in [672] ms
29-Mar-2021 10:31:30.729 INFO [main] org.apache.catalina.startup.HostConfig.deployDirectory Deploying web application directory [/Users/katarina_glorija/Documents/Fakultet/apache-tomcat-9.0.26/webapps/ROOT]
29-Mar-2021 10:31:30.762 INFO [main] org.apache.catalina.startup.HostConfig.deployDirectory Deployment of web application directory [/Users/katarina_glorija/Documents/Fakultet/apache-tomcat-9.0.26/webapps/ROOT] has finished in [33] ms
29-Mar-2021 10:31:30.762 INFO [main] org.apache.catalina.startup.HostConfig.deployDirectory Deploying web application directory [/Users/katarina_glorija/Documents/Fakultet/apache-tomcat-9.0.26/webapps/host-manager]
29-Mar-2021 10:31:30.797 INFO [main] org.apache.catalina.startup.HostConfig.deployDirectory Deployment of web application directory [/Users/katarina_glorija/Documents/Fakultet/apache-tomcat-9.0.26/webapps/host-manager] has finished in [35] ms
29-Mar-2021 10:31:30.803 INFO [main] org.apache.coyote.AbstractProtocol.start Starting ProtocolHandler ["http-nio-8080"]
29-Mar-2021 10:31:30.817 INFO [main] org.apache.coyote.AbstractProtocol.start Starting ProtocolHandler ["ajp-nio-8009"]
29-Mar-2021 10:31:30.830 INFO [main] org.apache.catalina.startup.Catalina.start Server startup in [1,753] milliseconds
29-Mar-2021 10:31:54.112 INFO [Thread-4] org.apache.coyote.AbstractProtocol.pause Pausing ProtocolHandler ["http-nio-8080"]
29-Mar-2021 10:31:54.140 INFO [Thread-4] org.apache.coyote.AbstractProtocol.pause Pausing ProtocolHandler ["ajp-nio-8009"]
29-Mar-2021 10:31:54.142 INFO [Thread-4] org.apache.catalina.core.StandardService.stopInternal Stopping service [Catalina]
29-Mar-2021 10:31:54.208 INFO [Thread-4] org.apache.coyote.AbstractProtocol.stop Stopping ProtocolHandler ["http-nio-8080"]
29-Mar-2021 10:31:54.212 INFO [Thread-4] org.apache.coyote.AbstractProtocol.stop Stopping ProtocolHandler ["ajp-nio-8009"]
29-Mar-2021 10:31:54.217 INFO [Thread-4] org.apache.coyote.AbstractProtocol.destroy Destroying ProtocolHandler ["http-nio-8080"]
29-Mar-2021 10:31:54.218 INFO [Thread-4] org.apache.coyote.AbstractProtocol.destroy Destroying ProtocolHandler ["ajp-nio-8009"]
29-Mar-2021 11:12:30.795 INFO [main] org.apache.catalina.startup.VersionLoggerListener.log Server version name:   Apache Tomcat/9.0.26
29-Mar-2021 11:12:30.804 INFO [main] org.apache.catalina.startup.VersionLoggerListener.log Server built:          Sep 16 2019 15:51:39 UTC
29-Mar-2021 11:12:30.806 INFO [main] org.apache.catalina.startup.VersionLoggerListener.log Server version number: 9.0.26.0
29-Mar-2021 11:12:30.806 INFO [main] org.apache.catalina.startup.VersionLoggerListener.log OS Name:               Mac OS X
29-Mar-2021 11:12:30.807 INFO [main] org.apache.catalina.startup.VersionLoggerListener.log OS Version:            10.15.7
29-Mar-2021 11:12:30.807 INFO [main] org.apache.catalina.startup.VersionLoggerListener.log Architecture:          x86_64
29-Mar-2021 11:12:30.807 INFO [main] org.apache.catalina.startup.VersionLoggerListener.log Java Home:             /Library/Java/JavaVirtualMachines/openjdk-14.jdk/Contents/Home
29-Mar-2021 11:12:30.807 INFO [main] org.apache.catalina.startup.VersionLoggerListener.log JVM Version:           14+36-1461
29-Mar-2021 11:12:30.810 INFO [main] org.apache.catalina.startup.VersionLoggerListener.log JVM Vendor:            Oracle Corporation
29-Mar-2021 11:12:30.810 INFO [main] org.apache.catalina.startup.VersionLoggerListener.log CATALINA_BASE:         /Users/katarina_glorija/Documents/Fakultet/apache-tomcat-9.0.26
29-Mar-2021 11:12:30.810 INFO [main] org.apache.catalina.startup.VersionLoggerListener.log CATALINA_HOME:         /Users/katarina_glorija/Documents/Fakultet/apache-tomcat-9.0.26
29-Mar-2021 11:12:30.877 INFO [main] org.apache.catalina.startup.VersionLoggerListener.log Command line argument: --add-opens=java.base/java.lang=ALL-UNNAMED
29-Mar-2021 11:12:30.877 INFO [main] org.apache.catalina.startup.VersionLoggerListener.log Command line argument: --add-opens=java.base/java.io=ALL-UNNAMED
29-Mar-2021 11:12:30.877 INFO [main] org.apache.catalina.startup.VersionLoggerListener.log Command line argument: --add-opens=java.rmi/sun.rmi.transport=ALL-UNNAMED
29-Mar-2021 11:12:30.877 INFO [main] org.apache.catalina.startup.VersionLoggerListener.log Command line argument: -Djava.util.logging.config.file=/Users/katarina_glorija/Documents/Fakultet/apache-tomcat-9.0.26/conf/logging.properties
29-Mar-2021 11:12:30.877 INFO [main] org.apache.catalina.startup.VersionLoggerListener.log Command line argument: -Djava.util.logging.manager=org.apache.juli.ClassLoaderLogManager
29-Mar-2021 11:12:30.877 INFO [main] org.apache.catalina.startup.VersionLoggerListener.log Command line argument: -Djdk.tls.ephemeralDHKeySize=2048
29-Mar-2021 11:12:30.878 INFO [main] org.apache.catalina.startup.VersionLoggerListener.log Command line argument: -Djava.protocol.handler.pkgs=org.apache.catalina.webresources
29-Mar-2021 11:12:30.878 INFO [main] org.apache.catalina.startup.VersionLoggerListener.log Command line argument: -Dorg.apache.catalina.security.SecurityListener.UMASK=0027
29-Mar-2021 11:12:30.878 INFO [main] org.apache.catalina.startup.VersionLoggerListener.log Command line argument: -Dignore.endorsed.dirs=
29-Mar-2021 11:12:30.878 INFO [main] org.apache.catalina.startup.VersionLoggerListener.log Command line argument: -Dcatalina.base=/Users/katarina_glorija/Documents/Fakultet/apache-tomcat-9.0.26
29-Mar-2021 11:12:30.878 INFO [main] org.apache.catalina.startup.VersionLoggerListener.log Command line argument: -Dcatalina.home=/Users/katarina_glorija/Documents/Fakultet/apache-tomcat-9.0.26
29-Mar-2021 11:12:30.878 INFO [main] org.apache.catalina.startup.VersionLoggerListener.log Command line argument: -Djava.io.tmpdir=/Users/katarina_glorija/Documents/Fakultet/apache-tomcat-9.0.26/temp
29-Mar-2021 11:12:30.879 INFO [main] org.apache.catalina.core.AprLifecycleListener.lifecycleEvent The APR based Apache Tomcat Native library which allows optimal performance in production environments was not found on the java.library.path: [/Users/katarina_glorija/Library/Java/Extensions:/Library/Java/Extensions:/Network/Library/Java/Extensions:/System/Library/Java/Extensions:/usr/lib/java:.]
29-Mar-2021 11:12:31.509 INFO [main] org.apache.coyote.AbstractProtocol.init Initializing ProtocolHandler ["http-nio-8080"]
29-Mar-2021 11:12:31.643 INFO [main] org.apache.coyote.AbstractProtocol.init Initializing ProtocolHandler ["ajp-nio-8009"]
29-Mar-2021 11:12:31.648 INFO [main] org.apache.catalina.startup.Catalina.load Server initialization in [1,555] milliseconds
29-Mar-2021 11:12:31.761 INFO [main] org.apache.catalina.core.StandardService.startInternal Starting service [Catalina]
29-Mar-2021 11:12:31.761 INFO [main] org.apache.catalina.core.StandardEngine.startInternal Starting Servlet engine: [Apache Tomcat/9.0.26]
29-Mar-2021 11:12:31.811 INFO [main] org.apache.catalina.startup.HostConfig.deployWAR Deploying web application archive [/Users/katarina_glorija/Documents/Fakultet/apache-tomcat-9.0.26/webapps/HelloWorld.war]
29-Mar-2021 11:12:32.555 INFO [main] org.apache.catalina.startup.HostConfig.deployWAR Deployment of web application archive [/Users/katarina_glorija/Documents/Fakultet/apache-tomcat-9.0.26/webapps/HelloWorld.war] has finished in [743] ms
29-Mar-2021 11:12:32.556 INFO [main] org.apache.catalina.startup.HostConfig.deployDirectory Deploying web application directory [/Users/katarina_glorija/Documents/Fakultet/apache-tomcat-9.0.26/webapps/docs]
29-Mar-2021 11:12:32.605 INFO [main] org.apache.catalina.startup.HostConfig.deployDirectory Deployment of web application directory [/Users/katarina_glorija/Documents/Fakultet/apache-tomcat-9.0.26/webapps/docs] has finished in [49] ms
29-Mar-2021 11:12:32.606 INFO [main] org.apache.catalina.startup.HostConfig.deployDirectory Deploying web application directory [/Users/katarina_glorija/Documents/Fakultet/apache-tomcat-9.0.26/webapps/manager]
29-Mar-2021 11:12:32.694 INFO [main] org.apache.catalina.startup.HostConfig.deployDirectory Deployment of web application directory [/Users/katarina_glorija/Documents/Fakultet/apache-tomcat-9.0.26/webapps/manager] has finished in [88] ms
29-Mar-2021 11:12:32.694 INFO [main] org.apache.catalina.startup.HostConfig.deployDirectory Deploying web application directory [/Users/katarina_glorija/Documents/Fakultet/apache-tomcat-9.0.26/webapps/examples]
29-Mar-2021 11:12:33.466 INFO [main] org.apache.catalina.startup.HostConfig.deployDirectory Deployment of web application directory [/Users/katarina_glorija/Documents/Fakultet/apache-tomcat-9.0.26/webapps/examples] has finished in [771] ms
29-Mar-2021 11:12:33.466 INFO [main] org.apache.catalina.startup.HostConfig.deployDirectory Deploying web application directory [/Users/katarina_glorija/Documents/Fakultet/apache-tomcat-9.0.26/webapps/ROOT]
29-Mar-2021 11:12:33.502 INFO [main] org.apache.catalina.startup.HostConfig.deployDirectory Deployment of web application directory [/Users/katarina_glorija/Documents/Fakultet/apache-tomcat-9.0.26/webapps/ROOT] has finished in [36] ms
29-Mar-2021 11:12:33.503 INFO [main] org.apache.catalina.startup.HostConfig.deployDirectory Deploying web application directory [/Users/katarina_glorija/Documents/Fakultet/apache-tomcat-9.0.26/webapps/host-manager]
29-Mar-2021 11:12:33.548 INFO [main] org.apache.catalina.startup.HostConfig.deployDirectory Deployment of web application directory [/Users/katarina_glorija/Documents/Fakultet/apache-tomcat-9.0.26/webapps/host-manager] has finished in [44] ms
29-Mar-2021 11:12:33.557 INFO [main] org.apache.coyote.AbstractProtocol.start Starting ProtocolHandler ["http-nio-8080"]
29-Mar-2021 11:12:33.586 INFO [main] org.apache.coyote.AbstractProtocol.start Starting ProtocolHandler ["ajp-nio-8009"]
29-Mar-2021 11:12:33.592 INFO [main] org.apache.catalina.startup.Catalina.start Server startup in [1,943] milliseconds
29-Mar-2021 11:14:30.075 INFO [Thread-4] org.apache.coyote.AbstractProtocol.pause Pausing ProtocolHandler ["http-nio-8080"]
29-Mar-2021 11:14:30.103 INFO [Thread-4] org.apache.coyote.AbstractProtocol.pause Pausing ProtocolHandler ["ajp-nio-8009"]
29-Mar-2021 11:14:30.107 INFO [Thread-4] org.apache.catalina.core.StandardService.stopInternal Stopping service [Catalina]
29-Mar-2021 11:14:30.165 INFO [Thread-4] org.apache.coyote.AbstractProtocol.stop Stopping ProtocolHandler ["http-nio-8080"]
29-Mar-2021 11:14:30.168 INFO [Thread-4] org.apache.coyote.AbstractProtocol.stop Stopping ProtocolHandler ["ajp-nio-8009"]
29-Mar-2021 11:14:30.172 INFO [Thread-4] org.apache.coyote.AbstractProtocol.destroy Destroying ProtocolHandler ["http-nio-8080"]
29-Mar-2021 11:14:30.173 INFO [Thread-4] org.apache.coyote.AbstractProtocol.destroy Destroying ProtocolHandler ["ajp-nio-8009"]
