31-Mar-2021 08:20:39.317 INFO [main] org.apache.catalina.startup.VersionLoggerListener.log Server version name:   Apache Tomcat/9.0.26
31-Mar-2021 08:20:39.328 INFO [main] org.apache.catalina.startup.VersionLoggerListener.log Server built:          Sep 16 2019 15:51:39 UTC
31-Mar-2021 08:20:39.328 INFO [main] org.apache.catalina.startup.VersionLoggerListener.log Server version number: 9.0.26.0
31-Mar-2021 08:20:39.329 INFO [main] org.apache.catalina.startup.VersionLoggerListener.log OS Name:               Mac OS X
31-Mar-2021 08:20:39.329 INFO [main] org.apache.catalina.startup.VersionLoggerListener.log OS Version:            10.15.7
31-Mar-2021 08:20:39.329 INFO [main] org.apache.catalina.startup.VersionLoggerListener.log Architecture:          x86_64
31-Mar-2021 08:20:39.329 INFO [main] org.apache.catalina.startup.VersionLoggerListener.log Java Home:             /Library/Java/JavaVirtualMachines/openjdk-14.jdk/Contents/Home
31-Mar-2021 08:20:39.330 INFO [main] org.apache.catalina.startup.VersionLoggerListener.log JVM Version:           14+36-1461
31-Mar-2021 08:20:39.330 INFO [main] org.apache.catalina.startup.VersionLoggerListener.log JVM Vendor:            Oracle Corporation
31-Mar-2021 08:20:39.330 INFO [main] org.apache.catalina.startup.VersionLoggerListener.log CATALINA_BASE:         /Users/katarina_glorija/Documents/Fakultet/apache-tomcat-9.0.26
31-Mar-2021 08:20:39.330 INFO [main] org.apache.catalina.startup.VersionLoggerListener.log CATALINA_HOME:         /Users/katarina_glorija/Documents/Fakultet/apache-tomcat-9.0.26
31-Mar-2021 08:20:39.503 INFO [main] org.apache.catalina.startup.VersionLoggerListener.log Command line argument: --add-opens=java.base/java.lang=ALL-UNNAMED
31-Mar-2021 08:20:39.503 INFO [main] org.apache.catalina.startup.VersionLoggerListener.log Command line argument: --add-opens=java.base/java.io=ALL-UNNAMED
31-Mar-2021 08:20:39.504 INFO [main] org.apache.catalina.startup.VersionLoggerListener.log Command line argument: --add-opens=java.rmi/sun.rmi.transport=ALL-UNNAMED
31-Mar-2021 08:20:39.504 INFO [main] org.apache.catalina.startup.VersionLoggerListener.log Command line argument: -Djava.util.logging.config.file=/Users/katarina_glorija/Documents/Fakultet/apache-tomcat-9.0.26/conf/logging.properties
31-Mar-2021 08:20:39.504 INFO [main] org.apache.catalina.startup.VersionLoggerListener.log Command line argument: -Djava.util.logging.manager=org.apache.juli.ClassLoaderLogManager
31-Mar-2021 08:20:39.507 INFO [main] org.apache.catalina.startup.VersionLoggerListener.log Command line argument: -Djdk.tls.ephemeralDHKeySize=2048
31-Mar-2021 08:20:39.510 INFO [main] org.apache.catalina.startup.VersionLoggerListener.log Command line argument: -Djava.protocol.handler.pkgs=org.apache.catalina.webresources
31-Mar-2021 08:20:39.510 INFO [main] org.apache.catalina.startup.VersionLoggerListener.log Command line argument: -Dorg.apache.catalina.security.SecurityListener.UMASK=0027
31-Mar-2021 08:20:39.511 INFO [main] org.apache.catalina.startup.VersionLoggerListener.log Command line argument: -Dignore.endorsed.dirs=
31-Mar-2021 08:20:39.511 INFO [main] org.apache.catalina.startup.VersionLoggerListener.log Command line argument: -Dcatalina.base=/Users/katarina_glorija/Documents/Fakultet/apache-tomcat-9.0.26
31-Mar-2021 08:20:39.511 INFO [main] org.apache.catalina.startup.VersionLoggerListener.log Command line argument: -Dcatalina.home=/Users/katarina_glorija/Documents/Fakultet/apache-tomcat-9.0.26
31-Mar-2021 08:20:39.512 INFO [main] org.apache.catalina.startup.VersionLoggerListener.log Command line argument: -Djava.io.tmpdir=/Users/katarina_glorija/Documents/Fakultet/apache-tomcat-9.0.26/temp
31-Mar-2021 08:20:39.512 INFO [main] org.apache.catalina.core.AprLifecycleListener.lifecycleEvent The APR based Apache Tomcat Native library which allows optimal performance in production environments was not found on the java.library.path: [/Users/katarina_glorija/Library/Java/Extensions:/Library/Java/Extensions:/Network/Library/Java/Extensions:/System/Library/Java/Extensions:/usr/lib/java:.]
31-Mar-2021 08:20:40.417 INFO [main] org.apache.coyote.AbstractProtocol.init Initializing ProtocolHandler ["http-nio-8080"]
31-Mar-2021 08:20:40.571 INFO [main] org.apache.coyote.AbstractProtocol.init Initializing ProtocolHandler ["ajp-nio-8009"]
31-Mar-2021 08:20:40.576 INFO [main] org.apache.catalina.startup.Catalina.load Server initialization in [2,087] milliseconds
31-Mar-2021 08:20:40.688 INFO [main] org.apache.catalina.core.StandardService.startInternal Starting service [Catalina]
31-Mar-2021 08:20:40.688 INFO [main] org.apache.catalina.core.StandardEngine.startInternal Starting Servlet engine: [Apache Tomcat/9.0.26]
31-Mar-2021 08:20:40.753 INFO [main] org.apache.catalina.startup.HostConfig.deployWAR Deploying web application archive [/Users/katarina_glorija/Documents/Fakultet/apache-tomcat-9.0.26/webapps/HelloWorld.war]
31-Mar-2021 08:20:40.838 INFO [main] org.apache.catalina.startup.ExpandWar.expand An expanded directory [/Users/katarina_glorija/Documents/Fakultet/apache-tomcat-9.0.26/webapps/HelloWorld] was found with a last modified time that did not match the associated WAR. It will be deleted.
31-Mar-2021 08:20:41.586 INFO [main] org.apache.catalina.startup.HostConfig.deployWAR Deployment of web application archive [/Users/katarina_glorija/Documents/Fakultet/apache-tomcat-9.0.26/webapps/HelloWorld.war] has finished in [834] ms
31-Mar-2021 08:20:41.587 INFO [main] org.apache.catalina.startup.HostConfig.deployDirectory Deploying web application directory [/Users/katarina_glorija/Documents/Fakultet/apache-tomcat-9.0.26/webapps/docs]
31-Mar-2021 08:20:41.639 INFO [main] org.apache.catalina.startup.HostConfig.deployDirectory Deployment of web application directory [/Users/katarina_glorija/Documents/Fakultet/apache-tomcat-9.0.26/webapps/docs] has finished in [51] ms
31-Mar-2021 08:20:41.646 INFO [main] org.apache.catalina.startup.HostConfig.deployDirectory Deploying web application directory [/Users/katarina_glorija/Documents/Fakultet/apache-tomcat-9.0.26/webapps/manager]
31-Mar-2021 08:20:41.735 INFO [main] org.apache.catalina.startup.HostConfig.deployDirectory Deployment of web application directory [/Users/katarina_glorija/Documents/Fakultet/apache-tomcat-9.0.26/webapps/manager] has finished in [88] ms
31-Mar-2021 08:20:41.735 INFO [main] org.apache.catalina.startup.HostConfig.deployDirectory Deploying web application directory [/Users/katarina_glorija/Documents/Fakultet/apache-tomcat-9.0.26/webapps/examples]
31-Mar-2021 08:20:42.554 INFO [main] org.apache.catalina.startup.HostConfig.deployDirectory Deployment of web application directory [/Users/katarina_glorija/Documents/Fakultet/apache-tomcat-9.0.26/webapps/examples] has finished in [819] ms
31-Mar-2021 08:20:42.555 INFO [main] org.apache.catalina.startup.HostConfig.deployDirectory Deploying web application directory [/Users/katarina_glorija/Documents/Fakultet/apache-tomcat-9.0.26/webapps/ROOT]
31-Mar-2021 08:20:42.599 INFO [main] org.apache.catalina.startup.HostConfig.deployDirectory Deployment of web application directory [/Users/katarina_glorija/Documents/Fakultet/apache-tomcat-9.0.26/webapps/ROOT] has finished in [44] ms
31-Mar-2021 08:20:42.599 INFO [main] org.apache.catalina.startup.HostConfig.deployDirectory Deploying web application directory [/Users/katarina_glorija/Documents/Fakultet/apache-tomcat-9.0.26/webapps/host-manager]
31-Mar-2021 08:20:42.665 INFO [main] org.apache.catalina.startup.HostConfig.deployDirectory Deployment of web application directory [/Users/katarina_glorija/Documents/Fakultet/apache-tomcat-9.0.26/webapps/host-manager] has finished in [65] ms
31-Mar-2021 08:20:42.673 INFO [main] org.apache.coyote.AbstractProtocol.start Starting ProtocolHandler ["http-nio-8080"]
31-Mar-2021 08:20:42.728 INFO [main] org.apache.coyote.AbstractProtocol.start Starting ProtocolHandler ["ajp-nio-8009"]
31-Mar-2021 08:20:42.746 INFO [main] org.apache.catalina.startup.Catalina.start Server startup in [2,169] milliseconds
31-Mar-2021 08:23:13.147 INFO [Thread-4] org.apache.coyote.AbstractProtocol.pause Pausing ProtocolHandler ["http-nio-8080"]
31-Mar-2021 08:23:13.160 INFO [Thread-4] org.apache.coyote.AbstractProtocol.pause Pausing ProtocolHandler ["ajp-nio-8009"]
31-Mar-2021 08:23:13.162 INFO [Thread-4] org.apache.catalina.core.StandardService.stopInternal Stopping service [Catalina]
31-Mar-2021 08:23:13.223 INFO [Thread-4] org.apache.coyote.AbstractProtocol.stop Stopping ProtocolHandler ["http-nio-8080"]
31-Mar-2021 08:23:13.226 INFO [Thread-4] org.apache.coyote.AbstractProtocol.stop Stopping ProtocolHandler ["ajp-nio-8009"]
31-Mar-2021 08:23:13.231 INFO [Thread-4] org.apache.coyote.AbstractProtocol.destroy Destroying ProtocolHandler ["http-nio-8080"]
31-Mar-2021 08:23:13.231 INFO [Thread-4] org.apache.coyote.AbstractProtocol.destroy Destroying ProtocolHandler ["ajp-nio-8009"]
